TN:
SF:src/processCSS.ts
FN:9,processRules
FN:10,(anonymous_1)
FN:15,(anonymous_2)
FN:61,processCSS
FNF:4
FNH:4
FNDA:22,processRules
FNDA:27,(anonymous_1)
FNDA:20,(anonymous_2)
FNDA:19,processCSS
DA:1,1
DA:10,22
DA:11,27
DA:14,19
DA:15,19
DA:16,20
DA:19,19
DA:27,5
DA:28,5
DA:30,5
DA:34,1
DA:35,1
DA:36,0
DA:38,0
DA:40,1
DA:44,2
DA:45,0
DA:47,2
DA:48,0
DA:50,2
DA:62,19
DA:64,19
DA:65,2
DA:69,17
DA:70,1
DA:73,16
DA:78,16
DA:80,0
DA:84,16
DA:87,16
DA:90,16
DA:91,0
DA:94,16
DA:97,0
DA:98,0
DA:102,1
LF:36
LH:28
BRDA:11,0,0,19
BRDA:11,0,1,3
BRDA:11,0,2,5
BRDA:11,0,3,5
BRDA:11,0,4,5
BRDA:11,0,5,5
BRDA:11,0,6,1
BRDA:11,0,7,2
BRDA:14,1,0,19
BRDA:27,2,0,5
BRDA:34,3,0,1
BRDA:34,3,1,0
BRDA:36,4,0,0
BRDA:44,5,0,0
BRDA:44,6,0,2
BRDA:44,6,1,0
BRDA:47,7,0,0
BRDA:47,8,0,2
BRDA:47,8,1,0
BRDA:64,9,0,2
BRDA:69,10,0,1
BRDA:78,11,0,0
BRDA:78,12,0,16
BRDA:78,12,1,16
BRDA:78,12,2,16
BRDA:90,13,0,0
BRF:26
BRH:18
end_of_record
TN:
SF:src/processJS.ts
FN:9,prefixClassNames
FN:12,(anonymous_1)
FN:19,processJS
FN:28,(anonymous_3)
FN:33,(anonymous_4)
FN:43,(anonymous_5)
FN:71,(anonymous_6)
FN:79,(anonymous_7)
FNF:8
FNH:8
FNDA:21,prefixClassNames
FNDA:32,(anonymous_1)
FNDA:7,processJS
FNDA:15,(anonymous_3)
FNDA:3,(anonymous_4)
FNDA:18,(anonymous_5)
FNDA:7,(anonymous_6)
FNDA:4,(anonymous_7)
DA:1,1
DA:2,1
DA:3,1
DA:4,1
DA:9,1
DA:10,21
DA:12,32
DA:20,7
DA:28,7
DA:29,15
DA:33,7
DA:34,3
DA:35,3
DA:37,3
DA:38,3
DA:42,7
DA:45,18
DA:46,6
DA:49,12
DA:50,12
DA:53,12
DA:54,8
DA:55,8
DA:59,4
DA:60,4
DA:63,4
DA:64,1
DA:65,1
DA:69,3
DA:71,3
DA:72,7
DA:73,3
DA:74,3
DA:79,3
DA:80,4
DA:81,2
DA:82,2
DA:83,1
DA:84,1
DA:86,1
DA:87,0
DA:90,3
DA:94,0
DA:95,0
DA:96,0
DA:98,0
DA:104,7
DA:107,1
LF:48
LH:43
BRDA:12,0,0,23
BRDA:12,0,1,9
BRDA:34,1,0,3
BRDA:37,2,0,3
BRDA:45,3,0,6
BRDA:50,4,0,0
BRDA:53,5,0,8
BRDA:59,6,0,4
BRDA:63,7,0,1
BRDA:69,8,0,3
BRDA:72,9,0,3
BRDA:74,10,0,3
BRDA:74,10,1,0
BRDA:80,11,0,2
BRDA:80,11,1,2
BRDA:82,12,0,1
BRDA:82,12,1,1
BRDA:83,13,0,1
BRDA:86,14,0,0
BRDA:94,15,0,0
BRDA:95,16,0,0
BRF:21
BRH:16
end_of_record
